Step: step-credential-initializer-h94j9:

{"level":"warn","ts":1565711313.3115938,"logger":"fallback-logger","caller":"logging/config.go:69","msg":"Fetch GitHub commit ID from kodata failed: \"ref: refs/heads/master\" is not a valid GitHub commit ID"}
{"level":"info","ts":1565711313.3126142,"logger":"fallback-logger","caller":"creds-init/main.go:40","msg":"Credentials initialized."}
Step: step-working-dir-initializer-jjtcc:

{"level":"warn","ts":1565711314.586758,"logger":"fallback-logger","caller":"logging/config.go:69","msg":"Fetch GitHub commit ID from kodata failed: open /var/run/ko/HEAD: no such file or directory"}
{"level":"info","ts":1565711314.5886328,"logger":"fallback-logger","caller":"bash/main.go:65","msg":"Successfully executed command \"mkdir -p /workspace/source /workspace/source/charts/jx-go\""}
Step: step-place-tools:

Step: step-git-source-*********-jx-go-master-h86lq:

{"level":"warn","ts":1565711382.677687,"logger":"fallback-logger","caller":"logging/config.go:69","msg":"Fetch GitHub commit ID from kodata failed: \"ref: refs/heads/master\" is not a valid GitHub commit ID"}
{"level":"info","ts":1565711382.9601946,"logger":"fallback-logger","caller":"git/git.go:102","msg":"Successfully cloned https://github.com/*********/jx-go.git @ v0.0.1 in path /workspace/source"}
Step: step-git-merge:

WARNING: no SHAs to merge, falling back to initial cloned commit
Step: step-setup-jx-git-credentials:

Generated Git credentials file /workspace/xdg_config/git/credentials
Step: step-build-make-build:

CGO_ENABLED=0 GO15VENDOREXPERIMENT=1 go build -ldflags '' -o bin/jx-go main.go
Step: step-build-container-build:

[36mINFO[0m[0000] No base image, nothing to extract            
[36mINFO[0m[0000] cmd: EXPOSE                                  
[36mINFO[0m[0000] Adding exposed port: 8080/tcp                
[36mINFO[0m[0000] Using files from context: [/workspace/source/bin] 
[36mINFO[0m[0000] Skipping unpacking as no commands require it. 
[36mINFO[0m[0000] Taking snapshot of full filesystem...        
[36mINFO[0m[0000] EXPOSE 8080                                  
[36mINFO[0m[0000] cmd: EXPOSE                                  
[36mINFO[0m[0000] Adding exposed port: 8080/tcp                
[36mINFO[0m[0000] No files changed in this command, skipping snapshotting. 
[36mINFO[0m[0000] ENTRYPOINT ["/jx-go"]                        
[36mINFO[0m[0000] No files changed in this command, skipping snapshotting. 
[36mINFO[0m[0000] Using files from context: [/workspace/source/bin] 
[36mINFO[0m[0000] COPY ./bin/ /                                
[36mINFO[0m[0000] Taking snapshot of files...                  
ERROR: logging before flag.Parse: E0813 15:49:49.472850      12 metadata.go:142] while reading 'google-dockercfg' metadata: http status code: 404 while fetching url http://metadata.google.internal./computeMetadata/v1/instance/attributes/google-dockercfg
ERROR: logging before flag.Parse: E0813 15:49:49.480049      12 metadata.go:159] while reading 'google-dockercfg-url' metadata: http status code: 404 while fetching url http://metadata.google.internal./computeMetadata/v1/instance/attributes/google-dockercfg-url
2019/08/13 15:49:49 pushed blob: sha256:93a4fcb22a3db75dc7475a273da29abe99acfbe65c146366e90649e88bc0ace0
2019/08/13 15:49:49 pushed blob: sha256:aef081c7bab34981c6523f4b428a9718671b8cb911aa0bffce89e7a8202a88aa
2019/08/13 15:49:50 10.27.251.45:5000/*********/jx-go:0.0.1: digest: sha256:5b717300b170446d6436de32f510792a93385a2973a5287deaec6bbb09ab6829 size: 428
Step: step-build-post-build:

no CVE provider running in the current ********* namespace so skip adding image to be analysed
Step: step-promote-changelog:

Converted /workspace/source/charts/jx-go to an unshallow repository
no previous commit version found so change diff unavailable
Step: step-promote-helm-release:

WARNING: No $CHART_REPOSITORY defined so using the default value of: http://jenkins-x-chartmuseum:8080
Adding missing Helm repo: storage.googleapis.com https://storage.googleapis.com/chartmuseum.jenkins-x.io
Successfully added Helm repository storage.googleapis.com.
Adding missing Helm repo: jenkins-x-chartmuseum http://jenkins-x-chartmuseum:8080
Successfully added Helm repository jenkins-x-chartmuseum.
WARNING: No $CHART_REPOSITORY defined so using the default value of: http://jenkins-x-chartmuseum:8080
Uploading chart file jx-go-0.0.1.tgz to http://jenkins-x-chartmuseum:8080/api/charts
Received 201 response: {"saved":true}
Step: step-promote-jx-promote:

WARNING: prow based install so skip waiting for the merge of Pull Requests to go green as currently there is an issue with gettingstatuses from the PR, see https://github.com/jenkins-x/jx/issues/2410
Promoting app jx-go version 0.0.1 to namespace *********-staging
Created Pull Request: https://github.com/*********/environment-*********-staging/pull/1
Added label  to Pull Request https://github.com/*********/environment-*********-staging/pull/1
Pull Request https://github.com/*********/environment-*********-staging/pull/1 is merged at sha 2f6a1d712a7e5d4e8e428ac3d7a7e8a7444a49c4
Pull Request merged but we are not waiting for the update pipeline to complete!
WARNING: Could not find the service URL in namespace *********-staging for names jx-go, *********-jx-go, *********-staging-jx-go
